\BOOKMARK [0][-]{chapter*.4}{List of Figures}{}% 1
\BOOKMARK [0][-]{chapter*.5}{List of Tables}{}% 2
\BOOKMARK [0][-]{chapter.1}{Introduction}{}% 3
\BOOKMARK [1][-]{section.1.1}{Image Processing}{chapter.1}% 4
\BOOKMARK [1][-]{section.1.2}{Recent advances}{chapter.1}% 5
\BOOKMARK [1][-]{section.1.3}{Organization of The Report}{chapter.1}% 6
\BOOKMARK [0][-]{chapter.2}{Image Compression}{}% 7
\BOOKMARK [1][-]{section.2.1}{Lossy vs. Lossless}{chapter.2}% 8
\BOOKMARK [1][-]{section.2.2}{Dimensionality Reduction PCA}{chapter.2}% 9
\BOOKMARK [1][-]{section.2.3}{Image compression using PCA}{chapter.2}% 10
\BOOKMARK [0][-]{chapter.3}{JPEG}{}% 11
\BOOKMARK [1][-]{section.3.1}{Overview}{chapter.3}% 12
\BOOKMARK [1][-]{section.3.2}{Algorithm}{chapter.3}% 13
\BOOKMARK [1][-]{section.3.3}{Conclusion}{chapter.3}% 14
\BOOKMARK [0][-]{chapter.4}{Algorithm II}{}% 15
\BOOKMARK [1][-]{section.4.1}{Construction}{chapter.4}% 16
\BOOKMARK [1][-]{section.4.2}{Improved Method}{chapter.4}% 17
\BOOKMARK [1][-]{section.4.3}{Conclusion}{chapter.4}% 18
\BOOKMARK [0][-]{chapter.5}{Conclusion and Future Work}{}% 19
\BOOKMARK [0][-]{chapter.5}{References}{}% 20
